2025-04-21 09:23:57,123 - greeclimate.discovery - INFO - Scanning for Gree devices ...
2025-04-21 09:23:57,247 - greeclimate.discovery - INFO - Found gree device Device: 1ec33813 @ 192.168.0.153:7000 (mac: f4911ec33813)
2025-04-21 09:24:02,129 - __main__ - INFO - Found device: 1ec33813 (192.168.0.153:7000)
2025-04-21 09:24:02,129 - greeclimate.device - INFO - Starting device binding to Device: 1ec33813 @ 192.168.0.153:7000 (mac: f4911ec33813)
2025-04-21 09:24:02,129 - greeclimate.device - INFO - Attempting to bind to device using CipherV1
2025-04-21 09:24:02,145 - greeclimate.device - INFO - Bound to device using key 1Cd4Fg7Ij0Lm3Op6
2025-04-21 09:24:02,157 - __main__ - INFO - Current temperature: 23.7°C
2025-04-21 09:24:02,198 - greeclimate.device - INFO - Device version is 3.75, hid 362001000748+U-CS532Z(LT)V3.75.bin
2025-04-21 09:24:32,171 - __main__ - INFO - Current temperature: 23.7°C
2025-04-21 09:24:43,223 - __main__ - INFO - Shutting down...
2025-04-21 09:24:44,192 - __main__ - INFO - Clean shutdown complete
2025-04-21 09:24:54,137 - greeclimate.discovery - INFO - Scanning for Gree devices ...
2025-04-21 09:24:54,153 - greeclimate.discovery - INFO - Found gree device Device: 1ec33813 @ 192.168.0.153:7000 (mac: f4911ec33813)
2025-04-21 09:24:59,143 - __main__ - INFO - Found device: 1ec33813 (192.168.0.153:7000)
2025-04-21 09:24:59,143 - greeclimate.device - INFO - Starting device binding to Device: 1ec33813 @ 192.168.0.153:7000 (mac: f4911ec33813)
2025-04-21 09:24:59,143 - greeclimate.device - INFO - Attempting to bind to device using CipherV1
2025-04-21 09:24:59,156 - greeclimate.device - INFO - Bound to device using key 1Cd4Fg7Ij0Lm3Op6
2025-04-21 09:24:59,168 - __main__ - INFO - Current temperature: 23.7°C
2025-04-21 09:24:59,186 - greeclimate.device - INFO - Device version is 3.75, hid 362001000748+U-CS532Z(LT)V3.75.bin
2025-04-21 09:25:29,182 - __main__ - INFO - Current temperature: 23.7°C
2025-04-21 09:25:59,204 - __main__ - INFO - Current temperature: 23.7°C
2025-04-21 09:26:22,418 - __main__ - INFO - Shutting down...
2025-04-21 09:26:23,245 - __main__ - INFO - Clean shutdown complete
2025-04-21 09:26:24,904 - greeclimate.discovery - INFO - Scanning for Gree devices ...
2025-04-21 09:26:24,921 - greeclimate.discovery - INFO - Found gree device Device: 1ec33813 @ 192.168.0.153:7000 (mac: f4911ec33813)
2025-04-21 09:26:29,911 - __main__ - INFO - Found device: 1ec33813 (192.168.0.153:7000)
2025-04-21 09:26:29,911 - greeclimate.device - INFO - Starting device binding to Device: 1ec33813 @ 192.168.0.153:7000 (mac: f4911ec33813)
2025-04-21 09:26:29,911 - greeclimate.device - INFO - Attempting to bind to device using CipherV1
2025-04-21 09:26:29,926 - greeclimate.device - INFO - Bound to device using key 1Cd4Fg7Ij0Lm3Op6
2025-04-21 09:26:29,938 - __main__ - INFO - Current temperature: 23.8°C
2025-04-21 09:26:29,957 - greeclimate.device - INFO - Device version is 3.75, hid 362001000748+U-CS532Z(LT)V3.75.bin
2025-04-21 09:26:59,951 - __main__ - INFO - Current temperature: 23.7°C
2025-04-21 09:27:29,975 - __main__ - INFO - Current temperature: 23.8°C
2025-04-21 09:27:59,989 - __main__ - INFO - Current temperature: 23.8°C
2025-04-21 09:28:30,043 - __main__ - INFO - Current temperature: 23.8°C
2025-04-21 09:29:00,059 - __main__ - INFO - Current temperature: 23.8°C
2025-04-21 09:29:30,074 - __main__ - INFO - Current temperature: 23.8°C
2025-04-21 09:29:39,369 - __main__ - INFO - Shutting down...
2025-04-21 09:29:40,125 - __main__ - INFO - Clean shutdown complete
2025-04-21 09:30:35,206 - greeclimate.discovery - INFO - Scanning for Gree devices ...
2025-04-21 09:30:40,210 - __main__ - ERROR - No Gree devices found on network
2025-04-21 09:30:42,224 - greeclimate.discovery - INFO - Scanning for Gree devices ...
2025-04-21 09:30:43,177 - __main__ - INFO - Shutting down...
2025-04-21 09:30:47,229 - __main__ - ERROR - No Gree devices found on network
2025-04-21 09:31:02,305 - greeclimate.discovery - INFO - Scanning for Gree devices ...
2025-04-21 09:31:02,405 - greeclimate.discovery - INFO - Found gree device Device: 1ec33813 @ 192.168.0.153:7000 (mac: f4911ec33813)
2025-04-21 09:31:07,310 - __main__ - INFO - Found device: 1ec33813 (192.168.0.153:7000)
2025-04-21 09:31:07,310 - greeclimate.device - INFO - Starting device binding to Device: 1ec33813 @ 192.168.0.153:7000 (mac: f4911ec33813)
2025-04-21 09:31:07,310 - greeclimate.device - INFO - Attempting to bind to device using CipherV1
2025-04-21 09:31:07,324 - greeclimate.device - INFO - Bound to device using key 1Cd4Fg7Ij0Lm3Op6
2025-04-21 09:31:07,336 - __main__ - INFO - Current temperature: 23.8°C
2025-04-21 09:31:07,354 - greeclimate.device - INFO - Device version is 3.75, hid 362001000748+U-CS532Z(LT)V3.75.bin
2025-04-21 09:31:37,350 - __main__ - INFO - Current temperature: 24.1°C
2025-04-21 09:31:37,350 - __main__ - INFO - Temperature above 24°C - starting AC
2025-04-21 09:31:37,350 - __main__ - INFO - AC ON at 20.0°C
2025-04-21 09:32:07,378 - __main__ - INFO - Current temperature: 25.0°C
2025-04-21 09:32:37,395 - __main__ - INFO - Current temperature: 25.1°C
2025-04-21 09:33:07,415 - __main__ - INFO - Current temperature: 25.0°C
2025-04-21 09:33:37,429 - __main__ - INFO - Current temperature: 24.8°C
2025-04-21 09:34:07,445 - __main__ - INFO - Current temperature: 24.6°C
2025-04-21 09:34:37,471 - __main__ - INFO - Current temperature: 24.5°C
2025-04-21 09:35:07,485 - __main__ - INFO - Current temperature: 24.3°C
2025-04-21 09:35:37,507 - __main__ - INFO - Current temperature: 24.1°C
2025-04-21 09:36:07,520 - __main__ - INFO - Current temperature: 24.0°C
2025-04-21 09:36:37,593 - __main__ - INFO - Current temperature: 23.8°C
2025-04-21 09:37:07,607 - __main__ - INFO - Current temperature: 23.6°C
2025-04-21 09:37:37,638 - __main__ - INFO - Current temperature: 23.5°C
2025-04-21 09:38:07,747 - __main__ - INFO - Current temperature: 23.4°C
2025-04-21 09:38:07,748 - __main__ - INFO - Temperature below 23.5°C - stopping AC
2025-04-21 09:38:07,748 - __main__ - INFO - AC OFF at 20.0°C
2025-04-21 09:38:37,773 - __main__ - INFO - Current temperature: 23.3°C
2025-04-21 09:39:07,820 - __main__ - INFO - Current temperature: 23.2°C
2025-04-21 09:39:37,833 - __main__ - INFO - Current temperature: 23.2°C
2025-04-21 09:40:07,880 - __main__ - INFO - Current temperature: 23.2°C
2025-04-21 09:40:37,894 - __main__ - INFO - Current temperature: 23.2°C
2025-04-21 09:41:01,366 - __main__ - INFO - Shutting down...
2025-04-21 09:41:01,974 - __main__ - INFO - Clean shutdown complete
2025-04-21 09:45:52,856 - greeclimate.discovery - INFO - Scanning for Gree devices ...
2025-04-21 09:45:52,874 - greeclimate.discovery - INFO - Found gree device Device: 1ec33813 @ 192.168.0.153:7000 (mac: f4911ec33813)
2025-04-21 09:45:57,864 - __main__ - INFO - Found device: 1ec33813 (192.168.0.153:7000)
2025-04-21 09:45:57,864 - greeclimate.device - INFO - Starting device binding to Device: 1ec33813 @ 192.168.0.153:7000 (mac: f4911ec33813)
2025-04-21 09:45:57,864 - greeclimate.device - INFO - Attempting to bind to device using CipherV1
2025-04-21 09:45:57,877 - greeclimate.device - INFO - Bound to device using key 1Cd4Fg7Ij0Lm3Op6
2025-04-21 09:45:57,890 - __main__ - INFO - Current temperature: 24.1°C
2025-04-21 09:45:57,890 - __main__ - INFO - Temperature above 24°C - starting AC
2025-04-21 09:45:57,890 - __main__ - INFO - AC ON at 20.0°C
2025-04-21 09:45:58,013 - greeclimate.device - INFO - Device version is 3.75, hid 362001000748+U-CS532Z(LT)V3.75.bin
2025-04-21 09:46:57,953 - __main__ - INFO - Current temperature: 24.2°C
2025-04-21 09:47:48,236 - __main__ - INFO - Shutting down...
2025-04-21 09:47:49,007 - __main__ - INFO - Clean shutdown complete
2025-04-21 19:22:14,096 - greeclimate.discovery - INFO - Scanning for Gree devices ...
2025-04-21 19:22:14,204 - greeclimate.discovery - INFO - Found gree device Device: 1ec33813 @ 192.168.0.153:7000 (mac: f4911ec33813)
2025-04-21 19:22:19,107 - __main__ - INFO - Found device: 1ec33813 (192.168.0.153:7000)
2025-04-21 19:22:19,108 - greeclimate.device - INFO - Starting device binding to Device: 1ec33813 @ 192.168.0.153:7000 (mac: f4911ec33813)
2025-04-21 19:22:19,108 - greeclimate.device - INFO - Attempting to bind to device using CipherV1
2025-04-21 19:22:19,125 - greeclimate.device - INFO - Bound to device using key 1Cd4Fg7Ij0Lm3Op6
2025-04-21 19:22:19,156 - __main__ - INFO - Current temperature: 28.1°C
2025-04-21 19:22:19,157 - __main__ - INFO - Temperature above 24°C - starting AC
2025-04-21 19:22:19,160 - __main__ - INFO - AC ON at 23.0°C
2025-04-21 19:22:19,176 - greeclimate.device - INFO - Device version is 3.75, hid 362001000748+U-CS532Z(LT)V3.75.bin
2025-04-21 19:23:19,195 - __main__ - INFO - Current temperature: 28.1°C
2025-04-21 19:24:19,218 - __main__ - INFO - Current temperature: 28.0°C
2025-04-21 19:25:19,240 - __main__ - INFO - Current temperature: 28.0°C
2025-04-21 19:26:19,262 - __main__ - INFO - Current temperature: 27.8°C
2025-04-21 19:27:19,288 - __main__ - INFO - Current temperature: 27.8°C
2025-04-21 19:28:19,314 - __main__ - INFO - Current temperature: 27.8°C
2025-04-21 19:29:19,365 - __main__ - INFO - Current temperature: 27.8°C
2025-04-21 19:30:19,388 - __main__ - INFO - Current temperature: 27.8°C
2025-04-21 19:31:19,460 - __main__ - INFO - Current temperature: 27.7°C
2025-04-21 19:32:19,483 - __main__ - INFO - Current temperature: 27.7°C
2025-04-21 19:33:19,521 - __main__ - INFO - Current temperature: 27.7°C
2025-04-21 19:34:19,557 - __main__ - INFO - Current temperature: 27.6°C
2025-04-21 19:35:19,585 - __main__ - INFO - Current temperature: 27.6°C
2025-04-21 19:36:19,609 - __main__ - INFO - Current temperature: 27.5°C
2025-04-21 19:37:19,652 - __main__ - INFO - Current temperature: 27.5°C
2025-04-21 19:38:19,689 - __main__ - INFO - Current temperature: 27.5°C
2025-04-21 19:39:19,725 - __main__ - INFO - Current temperature: 27.5°C
2025-04-21 19:40:19,767 - __main__ - INFO - Current temperature: 27.5°C
2025-04-21 19:41:19,789 - __main__ - INFO - Current temperature: 27.4°C
2025-04-21 19:42:19,811 - __main__ - INFO - Current temperature: 27.4°C
2025-04-21 19:43:19,832 - __main__ - INFO - Current temperature: 27.3°C
2025-04-21 19:44:19,852 - __main__ - INFO - Current temperature: 27.3°C
2025-04-21 19:45:19,875 - __main__ - INFO - Current temperature: 27.1°C
2025-04-21 19:46:19,932 - __main__ - INFO - Current temperature: 27.0°C
2025-04-21 19:47:19,954 - __main__ - INFO - Current temperature: 26.9°C
2025-04-21 19:48:19,977 - __main__ - INFO - Current temperature: 26.8°C
2025-04-21 19:49:20,020 - __main__ - INFO - Current temperature: 26.6°C
2025-04-21 19:50:20,073 - __main__ - INFO - Current temperature: 26.5°C
2025-04-21 19:51:20,096 - __main__ - INFO - Current temperature: 26.4°C
2025-04-21 19:52:20,119 - __main__ - INFO - Current temperature: 26.4°C
2025-04-21 19:53:20,142 - __main__ - INFO - Current temperature: 26.3°C
2025-04-21 19:54:20,164 - __main__ - INFO - Current temperature: 26.3°C
2025-04-21 19:55:20,185 - __main__ - INFO - Current temperature: 26.3°C
2025-04-21 19:56:20,203 - __main__ - INFO - Current temperature: 26.3°C
2025-04-21 19:57:20,232 - __main__ - INFO - Current temperature: 26.2°C
2025-04-21 19:58:20,275 - __main__ - INFO - Current temperature: 26.2°C
2025-04-21 19:59:20,299 - __main__ - INFO - Current temperature: 26.1°C
2025-04-21 20:00:20,320 - __main__ - INFO - Current temperature: 26.1°C
2025-04-21 20:01:20,343 - __main__ - INFO - Current temperature: 26.1°C
2025-04-21 20:02:20,366 - __main__ - INFO - Current temperature: 26.1°C
2025-04-21 20:03:20,389 - __main__ - INFO - Current temperature: 26.0°C
2025-04-21 20:04:20,413 - __main__ - INFO - Current temperature: 26.0°C
2025-04-21 20:05:20,435 - __main__ - INFO - Current temperature: 26.0°C
2025-04-21 20:06:20,455 - __main__ - INFO - Current temperature: 26.0°C
2025-04-21 20:07:20,499 - __main__ - INFO - Current temperature: 26.0°C
2025-04-21 20:08:20,560 - __main__ - INFO - Current temperature: 26.0°C
2025-04-21 20:09:20,598 - __main__ - INFO - Current temperature: 26.0°C
2025-04-21 20:10:20,620 - __main__ - INFO - Current temperature: 25.9°C
2025-04-21 20:11:20,663 - __main__ - INFO - Current temperature: 25.9°C
2025-04-21 20:12:20,682 - __main__ - INFO - Current temperature: 25.9°C
2025-04-21 20:13:20,704 - __main__ - INFO - Current temperature: 25.8°C
2025-04-21 20:14:20,726 - __main__ - INFO - Current temperature: 25.8°C
2025-04-21 20:15:20,761 - __main__ - INFO - Current temperature: 25.8°C
2025-04-21 20:16:20,801 - __main__ - INFO - Current temperature: 25.8°C
2025-04-21 20:17:21,246 - __main__ - INFO - Current temperature: 25.8°C
2025-04-21 20:18:21,270 - __main__ - INFO - Current temperature: 25.8°C
2025-04-21 20:19:21,289 - __main__ - INFO - Current temperature: 25.7°C
2025-04-21 20:20:21,311 - __main__ - INFO - Current temperature: 25.7°C
2025-04-21 20:21:21,355 - __main__ - INFO - Current temperature: 25.7°C
2025-04-21 20:22:21,375 - __main__ - INFO - Current temperature: 25.6°C
2025-04-21 20:23:21,414 - __main__ - INFO - Current temperature: 25.6°C
2025-04-21 20:24:21,439 - __main__ - INFO - Current temperature: 25.6°C
